<?xml version="1.0" encoding="UTF-8"?>
<!-- Generated by org.testng.reporters.JUnitXMLReporter -->
<testsuite ignored="5" hostname="alayp78" failures="0" tests="1" name="Default test" time="0.024" errors="0" timestamp="2021-07-28T13:10:15 EDT">
  <testcase classname="CalculatorTest" name="testDoubleMultiply" time="0.005"/>
  <testcase classname="CalculatorTest" name="testIntMultiply" time="0.0">
    <ignored/>
  </testcase> <!-- testIntMultiply -->
  <testcase classname="CalculatorTest" name="testDoubleSubtract" time="0.0">
    <ignored/>
  </testcase> <!-- testDoubleSubtract -->
  <testcase classname="CalculatorTest" name="testDoubleAdd" time="0.0">
    <ignored/>
  </testcase> <!-- testDoubleAdd -->
  <testcase classname="CalculatorTest" name="testIntAdd" time="0.0">
    <ignored/>
  </testcase> <!-- testIntAdd -->
  <testcase classname="CalculatorTest" name="testIntSubtract" time="0.0">
    <ignored/>
  </testcase> <!-- testIntSubtract -->
</testsuite> <!-- Default test -->
