<?xml version="1.0" encoding="UTF-8"?>
<testng-results ignored="5" total="6" passed="1" failed="0" skipped="0">
  <reporter-output>
  </reporter-output>
  <suite started-at="2021-07-28T13:10:15 EDT" name="Default suite" finished-at="2021-07-28T13:10:15 EDT" duration-ms="24">
    <groups>
    </groups>
    <test started-at="2021-07-28T13:10:15 EDT" name="Default test" finished-at="2021-07-28T13:10:15 EDT" duration-ms="24">
      <class name="CalculatorTest">
        <test-method signature="testDoubleMultiply()[pri:0, instance:CalculatorTest@e4487af]" started-at="2021-07-28T13:10:15 EDT" name="testDoubleMultiply" finished-at="2021-07-28T13:10:15 EDT" duration-ms="5" status="PASS">
          <reporter-output>
          </reporter-output>
        </test-method> <!-- testDoubleMultiply -->
      </class> <!-- CalculatorTest -->
    </test> <!-- Default test -->
  </suite> <!-- Default suite -->
</testng-results>
